1.30  181566 https://sxyprn.com
2.32   76431 https://apexminecrafthosting.com
2.33   27206 https://bestgore.fun
2.79  309627 https://onlinecheckwriter.com
2.81    7562 https://omg.blog
2.94    9078 https://myshopify.com
2.94     922 https://mscdirect.com
2.95   34478 https://yandex.com
2.87    7659 https://monsterone.com
2.96    7664 https://ozon.ru
2.88      16 https://megaloterias.com.br
3.02   34497 https://pagaliworld.com
3.02    7792 https://namu.wiki
2.95  238935 https://konkret.az
3.04   23246 https://fivem.net
2.98    4521 https://devconnected.com
2.97  128449 https://lenavo.net
2.97  252823 https://hiperdex.com
3.11  399457 https://theporndude.com
3.09      16 https://indeed.com
3.01   40144 https://spunteblu.it
3.12   26116 https://images-converters.com
3.06    7802 https://aseannow.com
3.15  137103 https://twitter.com
3.13   16608 https://pintunow.com
3.18   27523 https://hexlet.io
3.21       0 https://ch12asia.com
3.36    2667 https://phantomjs.org
3.35   77309 https://studwood.net
3.36   93915 https://itstillworks.com
3.36  131318 https://kanobu.ru
3.46  883923 https://weather.com
3.44    3517 https://zlib.pro
3.36   64035 https://doctu.ru
3.44       7 https://shuax.com
3.36  128532 https://nnmclub.to
3.44   93381 https://freecodezilla.net
3.45 1405103 https://linktr.ee
3.43    7677 https://chemistwarehouse.com.au
3.37    8903 https://festo.com
3.39  104026 https://explosm.net
3.37      16 https://pcone.com.tw
3.37   98167 https://voluum.com
3.50   14440 https://voltupload.com
3.60  163005 https://ya.ru
3.58   63548 https://ddys.tv
3.50   94650 https://laverdadnoticias.com
3.50  307698 https://goviral.ai
3.59    2587 https://archive.org
3.51     258 https://superdrug.com
3.55   12256 https://zyngapoker.com
3.62  260814 https://chaturbate.com
3.54  184540 https://manhuahot.com
3.56   30541 https://aimeos.org
3.64  183189 https://cryptowat.ch
3.72  369110 https://tryst.link
3.73  441749 https://hotmart.com
3.66  463697 https://airfind.com
3.67   82169 https://camvideos.org
3.67  131932 https://fl511.com
3.67  172268 https://cracksofthax.com
3.67   48055 https://freetether.com
3.75    4515 https://missav.com
3.69  160908 https://katteb.com
3.68    7655 https://jav-desu.com
3.68    7627 https://nxbrew.com
3.79   62401 https://sehiyye.gov.az
3.87  256482 https://study.com
3.81  210014 https://rock.so
3.80  138816 https://rizvan-bunturk.com
3.91   28545 https://huaban.com
3.83   21668 https://lsj.gr
3.83   60070 https://rate.am
3.99  224453 https://vimeo.com
4.02     200 https://zol.com.cn
3.92  118839 https://khanesarmaye.com
3.97    5315 https://ic.gc.ca
4.02     162 https://supanimegames.com
4.03  238303 https://yemao.in
3.95   52162 https://magyaranime.hu
3.95  105015 https://symbianize.ph
3.96  107694 https://spbu.ru
3.96   63433 https://fgo.news
4.11   27792 https://saccess.nic.in
4.11    3461 https://payriff.com
4.22   43132 https://discord.com
4.12  164224 https://noticiasconcursos.com.br
4.11      16 https://sexjobs.nl
4.12    4161 https://sarahgregoryspanking.com
4.20  701853 https://stripe.com
4.14   56424 https://lanekassen.no
4.17     118 https://almanac.com
4.14  104070 https://xxxpornpics.net
4.16  974626 https://chathispano.com
4.28    7340 https://xydh.fun
4.23       0 https://libanswers.com
4.20   49835 https://excheck.pro
4.20    3778 https://uca.edu.ar
4.29   28452 https://unboxholics.com
4.32   78024 https://uww.edu
4.31  547235 https://huaren.us
4.32   22336 https://orquidea.ai
4.32  303904 https://softcatalog.io
4.40   15546 https://lanzoui.com
4.32   69690 https://adalet.az
4.34  116463 https://womensmethod.com
4.32   95162 https://eportugal.gov.pt
4.44   31679 https://archibaseplanet.com
4.43   17436 https://meetyou.me
4.44  205763 https://gamemos.net
4.45  235546 https://lankasara.com
4.46   41637 https://nudelive.com
4.47  329308 https://eluniversal.com
4.44   78441 https://maple.gg
4.59  168969 https://kyivindependent.com
4.56  181538 https://subtaboo.com
4.56   12391 https://lootbits.io
4.59  203659 https://thepiratebay.cx
4.58   58972 https://beneylu.com
4.60    1892 https://meshpact.com
4.69   79280 https://kimochi.tv
4.69  251191 https://shahiid-anime.net
4.72   29705 https://uvu.edu
4.76  137488 https://market.biz
4.78   60989 https://decentraland.org
4.79      16 https://torrentdia53.com
4.92     257 https://bestbuy.com
4.97   47713 https://dofactory.com
5.09   11170 https://uptostream.com
5.10  119980 https://progresslearning.com
5.04   90276 https://yildiz.edu.tr
5.04       0 https://arados-co.com
5.15    1378 https://gameres.com
5.19   16691 https://traffichaus.com
5.17  211273 https://aedownload.com
5.19   43527 https://vrrw.net
5.18      13 https://lntinfotech.sharepoint.com
5.17    7722 https://indmoney.com
5.18   75689 https://ledinside.com
5.24      85 https://kingstone.com.tw
5.24  216574 https://91fr.xyz
5.35     162 https://redocn.com
5.46    7800 https://romspure.cc
5.40  241049 https://imagekit.io
5.40   71042 https://britishcentre.az
5.54   61561 https://promiby.com
5.46       0 https://cochranelibrary.com
5.52  101594 https://4travel.jp
5.61  865663 https://mokahr.com
5.56   50384 https://companiesfacts.com
5.56  106484 https://hentaihaven.com
5.67   59702 https://zcdsade.cfd
5.61    2924 https://melhorrastreio.com.br
5.68  104005 https://geekflare.com
5.61    2935 https://hasanalisoy78.wixsite.com
5.71  131232 https://hotleak.vip
5.71   88001 https://1inch.io
5.77       0 https://jezebel.com
5.77   27249 https://firefaucet.win
5.70  230621 https://vipbaloot.com
5.79   75782 https://ijser.org
5.86  101537 https://travelparked.com
5.86  193601 https://btech.com
5.84   10553 https://lichousing.com
5.86  530547 https://unico.ge
5.94  215850 https://halktv.com.tr
5.90    3204 https://fireant.vn
5.90  135854 https://hentai.tv
5.94  161779 https://sputniknews.com
5.95  204509 https://rapidapi.com
5.88       0 https://nudography.com
6.00   42780 https://milanote.com
6.00    8947 https://gosuslugi.ru
5.93    7788 https://x2y2.io
6.00  369768 https://guardian.ng
5.94  878016 https://carros.com
6.11    5948 https://duckduckgo.com
6.11   42292 https://steamcommunity.com
6.11     601 https://cubicongardens.sk
6.11    7270 https://2fa.live
6.12      56 https://myebanking.net
6.17   16895 https://z.com
6.22  190306 https://linustechtips.com
6.22   95261 https://ytn.co.kr
6.16  381846 https://payam-resan.com
6.23 1034484 https://javraveclub.com
6.30  116671 https://applealmond.com
6.27  571097 https://asaravista.com
6.32    2262 https://69tang803.top
6.51    7698 https://manga-mx.com
6.45    8082 https://migracioncolombia.gov.co
6.46     587 https://qatarshares.com
6.54   42992 https://www.nhs.uk
6.50    8267 https://skillsforall.com
6.48     606 https://pgapp.ir
6.63  138952 https://dotdigital.com
6.65  257722 https://syosetu.com
6.64  104690 https://seranking.com
6.61  111467 https://hugetitcams.cam
6.63       0 https://mendress.icu
6.64    4902 https://commishes.com
6.77  194250 https://cookieandkate.com
6.76    7842 https://colourlovers.com
6.82  182890 https://tubidy.mobi
6.94   93459 https://thegay.com
8.46  316553 https://poki.com.br
8.46     118 https://minkabu.jp
8.47    1127 https://game-info.wiki
8.47 1268762 https://hellhades.com
8.40   29094 https://tse.go.cr
8.42   90612 https://dime.jp
8.49  105910 https://persiangfx.com
8.42     169 https://kickass.onl
8.42   34261 https://jobbkk.com
8.48   91614 https://noticiasdatv.uol.com.br
8.49   72121 https://nesaporn.com
8.50   43904 https://tumblrgallery.xyz
8.47  396177 https://tradeogre.com
8.56   77998 https://herkul.org
8.57  258384 https://drakescans.com
8.56    1844 https://mrqz.me
8.60   30025 https://debeste.de
8.70   20927 https://sogou.com
8.72   35854 https://vacatorrent.com
8.66  145169 https://orangesport.ro
8.88     362 https://allgainnnowsurvey.top
8.88      68 https://mysteel.com
8.88  192451 https://rankmath.com
8.83     315 https://nartac.com
8.89   54617 https://pipeflare.io
8.93   18989 https://theinpaint.com
8.99     148 https://farence-watedian.icu
9.08   73513 https://txxx.tube
9.03     213 https://zarad.net
9.11  143936 https://minfin.com.ua
9.11    7897 https://komiku.id
9.15    6190 https://whatisuptodaynow.com
9.23    7849 https://digitalcitizen.life
9.30     919 https://fanduel.com
9.29   18801 https://onepiecechapters.com
9.23   76127 https://dorar.net
9.24   11789 https://yoteshinportal.cc
9.25  193927 https://simpletexting.com
9.29   14441 https://useyourloaf.com
9.28   48872 https://topsexgames.xyz
9.29  125596 https://nebenan.de
9.35    4512 https://avaz.ba
9.36  291229 https://omggamer.com
9.41  115353 https://apkxi.com
9.45   76483 https://cdnjs.com
9.45    3001 https://mcc.nic.in
9.45   30802 https://dexonline.ro
9.39  231696 https://reason.com
9.38  158565 https://milf.pro
9.38   80776 https://adpu.edu.az
9.52   23082 https://5chmap.com
9.52  216198 https://yuivv.blogspot.com
9.52   54823 https://buondua.com
9.48  103261 https://optionstrat.com
9.10  109292 https://hashrate.no
9.54       0 https://unref.link
9.58   67237 https://questionablequesting.com
9.54   23094 https://matsuyamajo.jp
9.67    4517 https://adslgate.com
9.67  382570 https://pathofex.com
9.76   12150 https://slither.io
9.76       8 https://stawhoph.com
9.70   54361 https://cloudflarewarp.com
9.90  100707 https://yenipress.az
9.97    4979 https://privalia.com
9.97       8 https://byambipoman.com
9.93     804 https://suspended-website.com
9.97    3651 https://mee6.xyz
9.97   50693 https://jsonformatter.org
9.94     169 https://readfrom.net
9.98   39892 https://freebiesbug.com
9.93   37182 https://trafficcompany.com
9.94 1671455 https://versati.ao
9.94     184 https://google.github.io
9.93       2 https://solaranalyticscorp.com
10.00    3800 https://airportal.cn
10.07  177565 https://momoniji.com
10.01   98634 https://jungleworks.com
10.07   89796 https://frprn.com
10.04     340 https://willgodate.com
10.04   29484 https://vidcrunch.com
10.07   46678 https://coms.pub
10.06  381096 https://denikn.cz
10.12   33670 https://dropgalaxy.com
10.07  377527 https://flowhot.cc
10.08  302986 https://comando.la
10.16  110256 https://freepreset.net
10.09  103374 https://usondeals.com
10.16   72284 https://tableconvert.com
10.16     287 https://websitewelcome.com
10.11  398075 https://tuboleta.com
10.13  154140 https://minevisam.com
10.17  770222 https://explodingtopics.com
10.18   43099 https://dmwiki.net
10.12  115857 https://kamakathai.info
10.18   61182 https://mym.fans
10.11   23926 https://sniffies.com
10.18     146 https://porno666.news
10.18  100767 https://celebnewsworld.com
10.19  262099 https://sinparty.com
10.20   82192 https://boingboing.net
10.15   59495 https://xiglute.com
10.15   69682 https://minecraft-inside.ru
10.21  615747 https://e-qanun.az
10.22  157722 https://feverup.com
10.16  145836 https://rocket-league.com
10.23   15690 https://rapidlevelup.com
10.30  459353 https://vfxdownload.net
10.44   49727 https://tumanhwas.com
10.39  128908 https://jpr8tv.cc
10.45  173131 https://musescore.com
10.45    5662 https://porch.com
10.54   83885 https://hurawatch.at
10.48   60346 https://pornmz.com
10.47    6261 https://wheelmillionaire.com
10.48  101588 https://postgresqltutorial.com
10.64       0 https://papilio3glauecus.com
10.64   25479 https://wildapricot.org
10.72 1811704 https://par30games.net
10.68    1042 https://di.gov.eg
10.76     118 https://chikoroko.art
10.70   26616 https://aussievitamin.com
10.80    2384 https://weverse.io
10.77  157013 https://hidewww.xyz
10.82      47 https://rusoska.net
10.77  180673 https://uzex.uz
10.83   18695 https://azleks.az
10.79   22502 https://rubyonrails.org
10.84  461305 https://claveunica.gob.cl
10.84    1260 https://novaposhta.ua
10.78   95719 https://newsphere.jp
10.79  122239 https://websosanh.vn
10.87    7810 https://bestmytest.com
10.92   77533 https://howtodoinjava.com
10.86  242644 https://itatiaia.com.br
10.86   13850 https://streamtape.net
10.95  411412 https://moto.pl
11.10   86968 https://ipindia.gov.in
11.09   27662 https://karabakh.center
11.17   32272 https://taongafarm.com
11.17   31156 https://libretexts.org
11.19  107294 https://civilica.com
11.15  107600 https://wuxiaworld.eu
11.19     258 https://flydubai.com
11.21     601 https://sergiofoto.lv
11.21   32922 https://thaiairways.com
11.36  398159 https://cryptoqed.com
11.43    3738 https://khamenei.ir
11.39   58112 https://brainhub.eu
11.46  137218 https://scielo.org
11.56  134529 https://pfms.nic.in
11.58     133 https://hamkarwp.com
11.57   48252 https://downloaddevideos.com.br
11.58    6809 https://diep.io
11.58      86 https://oliveyoung.co.kr
11.65       0 https://vn10.com
11.65    4218 https://voice123.com
11.72    7973 https://gladly.io
11.73     168 https://gol.gg
11.77  273922 https://mrmad.com.tw
11.77    7411 https://brightmls.com
11.77    7720 https://svyaznoy.ru
11.79  159423 https://zardfilm.in
11.72   66490 https://jike.info
11.88   64424 https://freckle.com
11.89  348181 https://erokan.net
12.00    7800 https://kimovil.com
11.95      13 https://infopanel.asia
11.94   63854 https://csrankings.org
11.99  122363 https://planbook.com
12.01  167040 https://pronto.io
12.06   14399 https://fromsmash.com
12.15  113205 https://xn--r8jwklh769h2mc880dk1o431a.com
12.18    7806 https://aquamanga.com
12.22     315 https://ybmclass.com
12.30  107783 https://forgetfulbc.blogspot.com
12.26    7780 https://tofunft.com
12.31  357924 https://siberianhealth.com
12.32    2661 https://reallifecam.com
12.33  267061 https://react-bootstrap.github.io
12.36   84478 https://eslint.org
12.43       8 https://agacelebir.com
12.43     257 https://flypeach.com
12.43 4465761 https://dota2protracker.com
12.48   35043 https://turkish123.com
12.51  206779 https://makefill.com
12.57   90258 https://neverinstall.com
12.50  864139 https://lloydspharmacy.com
12.52   15739 https://llvm.org
12.58   66918 https://blendermarket.com
12.62       0 https://mypoweroffer.com
12.61   67910 https://pinshiwen.com
12.61   19339 https://savvytime.com
12.64     143 https://zhishikoo.com
12.73   73331 https://odu.edu
12.70   59152 https://javhd.lol
12.78   34832 https://flutter.cn
12.96       0 https://79xmz3lmss.com
12.97  189760 https://ktownstory.com
13.03   58797 https://tapas.io
13.04  205663 https://3xxx.pro
13.09       0 https://ifunny.co
13.05  377249 https://cymatics.fm
13.14       0 https://jenonaw.com
13.15  293778 https://hotishop.com
13.33       0 https://ageismvipery.com
13.40   18565 https://realclick.co.kr
13.36    7434 https://socialgoodplatform.com
13.37   68724 https://thebussybandit.com
13.44    4514 https://iol.co.za
13.44   65065 https://upornia.tube
13.44    7638 https://cnews.fr
13.45      13 https://saschina-my.sharepoint.com
13.45   74851 https://katcr.to
13.41   33215 https://sarapbabe.com
13.51  446872 https://insanoid.com
13.58      16 https://privacy.com.br
13.60   65603 https://lordserial.fun
13.60   46815 https://zhuiyingmao.com
13.79     919 https://freshservice.com
13.76      16 https://paddypower.com
13.81   19026 https://leagueskin.net
13.78    7834 https://wcoanimesub.tv
13.83    7481 https://onepiece-drip.net
13.91    7678 https://burbuja.info
13.98   70017 https://redwap-xxx.com
14.06     134 https://digistore24.com
14.02   18218 https://rarbgproxy.com
14.06   10403 https://keepass.info
14.06  104836 https://rosuchebnik.ru
14.03  190576 https://unelectro.com
14.08  153981 https://fapality.com
14.08   29488 https://moviestowatch.tv
14.19   22275 https://juspay.in
14.22  101040 https://rasm.io
14.28  106239 https://leakedbb.com
14.24    4712 https://alihunter.io
14.29   82744 https://altin.in
14.44     295 https://fc-lc.com
14.46   46915 https://recurbate.cc
14.43    4521 https://lebanonfiles.com
14.51   79535 https://beamngdrivemods.com
14.54  199350 https://metbuat.az
14.54  126275 https://free-cosmetics-online.com
14.58   77188 https://sms-man.com
14.58     153 https://seu.edu.cn
14.61  217057 https://cults3d.com
14.60  177853 https://naijaonpoint.com.ng
14.65    1795 https://blockstream.info
14.71      93 https://enuygun.com
14.69    1097 https://divarcdn.com
14.77  158582 https://technews.tw
14.78   45388 https://7learn.com
14.94     146 https://31s84g.cn
15.03  119561 https://animeanime.jp
15.03  275191 https://ani-chat.net
14.99   59953 https://benri.com
15.04  114324 https://miniclip.com
15.05     483 https://fukuanla.com
15.05   15558 https://makemyhsrp.com
15.05    7671 https://kocpc.com.tw
15.05  232798 https://3xplanet.net
15.06   37765 https://2beeg.me
15.05   36244 https://nequi.com.co
15.02  127829 https://playinexch.com
15.07  141069 https://watchwrestling.ai
15.07  247333 https://bdgastore.com
15.07   78447 https://myhentaigallery.com
15.19  158132 https://mymodernmet.com
15.24    7738 https://textverified.com
15.24    2332 https://gamejolt.com
15.25  106352 https://winfuture.de
15.22   75701 https://trangchu.news
15.22   36075 https://teyit.org
15.27   37060 https://daily.dev
15.28    2006 https://xv202207.top
15.24    5282 https://mib19.co.kr
15.29    8572 https://betika.et
15.34       6 https://news-kuzowi.cc
15.34   28773 https://550909.com
15.34   65012 https://foodlion.com
15.36   81004 https://3dmdb.com
15.33   88536 https://azpromo.az
15.37  186807 https://madisoft.it
15.38    7026 https://24smi.in
15.41  121132 https://topflix.vc
15.40   11821 https://be5.biz
15.39   52463 https://seo-fast.ru
15.46  291057 https://indexmovies.xyz
15.46  104620 https://estrategiaconcursos.com.br
15.52  227752 https://conservativebrief.com
15.51      94 https://bestprice.gr
15.55     867 https://trueplookpanya.com
15.55   51771 https://yifysubtitles.org
15.51  454760 https://pixelied.com
15.50   90563 https://babymetalize.com
15.58   57817 https://realsound.jp
15.54  135087 https://mangatale.co
15.61  423137 https://hentaitk.net
15.63   30167 https://al-maktaba.org
15.67  604303 https://lit.link
15.68  309011 https://nld.com.vn
15.64     242 https://mofa.go.kr
15.72       0 https://spankbanglive.com
15.72      98 https://arminius.io
15.69   84076 https://musicsweb.ir
15.70    1444 https://cretgate.com
15.74  180925 https://psychcentral.com
15.75   71243 https://yello.co
15.79    1207 https://phantombuster.com
15.79   60792 https://txt80.com
15.79  142458 https://start.ru
15.79    7800 https://breached.to
15.77    7810 https://ip-tracker.org
15.77    2221 https://goanimelist.me
15.82   60142 https://omocoro.jp
15.84      94 https://mcdonline.nic.in
15.90    7831 https://lectortmo.com
15.94     139 https://nsfw.xxx
15.96   20299 https://exe.io
15.97    1025 https://brainly.ro
15.98    1741 https://xnlyfanx.com
15.93   60279 https://manhwa18.net
15.98   41113 https://anybunny.tv
15.99   27659 https://fontsgeek.com
16.00    7712 https://kuudy.com
15.97   78569 https://freearabsexx.com
16.01  398464 https://hackernoon.com
15.98  143951 https://dooray.com
16.02      16 https://animesonline.cc
16.04  746896 https://rp-online.de
16.07  115718 https://zdopravy.cz
16.08   26913 https://torrentkitty.lol
16.05  365938 https://pokemongolive.com
16.09   67033 https://tronpick.io
16.10     315 https://cnitpm.com
16.15    7694 https://roobet.com
16.15   96730 https://86000k.com
16.13   11836 https://pvpoke.com
16.17   41561 https://www.gov.pl
16.20   18336 https://paiporn.com
16.24    4517 https://mtlnovel.com
16.22   10214 https://mpc-hc.org
16.29   58361 https://invoice-generator.com
16.33  104111 https://osxdaily.com
16.40   74810 https://stat.gov.az
16.41  105254 https://replay.az
16.41  771916 https://ants.gouv.fr
16.43   27115 https://tiendamia.com
16.36  578783 https://akspeedy.com
16.45  105263 https://sitekit.withgoogle.com
16.52    7857 https://quantrimang.com
16.53    7836 https://propakistani.pk
16.53   13127 https://inmanga.com
16.54  300059 https://circle.so
16.58  143448 https://ga-m.com
16.70   72356 https://myflixer.is
16.76     252 https://over-blog.com
16.76    7702 https://funinusa.net
16.91   51043 https://udyamregistration.gov.in
16.87  105477 https://pashalism.com
16.91 1034502 https://javrave.club
16.95   42102 https://jmvbt.com
16.96    7662 https://kkxz.vip
17.03  178193 https://beincrypto.com
17.07   59548 https://mofidonline.com
17.10    8679 https://yuanqq.net
17.15   36952 https://love.ru
17.15  201957 https://heavy.com
17.15   68791 https://legalacts.ru
17.25      16 https://betano.pt
17.25   73073 https://ssvob.com
17.25    1444 https://awecrptjmp.com
17.21  338535 https://cricketaddictor.com
17.34  183814 https://putlockertv.one
17.33  528421 https://youtube5ch.com
17.43      16 https://ssactivewear.com
17.44   16049 https://percentagecalculator.net
17.44  327828 https://adult-gazou.me
17.54  322938 https://xilu.com
17.55   33718 https://hdqwalls.com
17.57   12278 https://ping.eu
17.57   40578 https://warwick.ac.uk
17.61    7607 https://startupranking.com
17.66   33413 https://mp3xa.me
17.79    3426 https://bethesda.net
17.79  162392 https://response.jp
17.83  173479 https://worldoftanks.asia
17.79  170368 https://xxxvedos.top
17.84   62316 https://azbyka.ru
17.88    1482 https://loldle.net
17.92  668871 https://ziare.com
17.93   99568 https://ccbill.com
17.93   59921 https://latestpornvideo.com
17.87  167370 https://dutchie.com
18.00   11559 https://blockscan.com
17.99   97741 https://app-how-to-use-it.com
18.02  250084 https://almowafir.com
18.08  119963 https://coinpost.jp
18.19  120870 https://pcrdfans.com
18.20   26902 https://behtarino.com
18.20   80144 https://sflix.to
18.24   74551 https://csslayout.io
18.23  120622 https://hentaisea.com
18.26  308564 https://genshin-leak.com
18.30   45102 https://2k.com
18.31  394116 https://sevenrooms.com
18.33  129463 https://rpgtop.su
18.41  122832 https://pubmatic.com
18.38  137940 https://webhitlist.com
18.43     254 https://altex.ro
18.44   89925 https://oursogo.com
18.53   36916 https://kun.uz
18.58   22613 https://play2048.co
18.59    3353 https://geenmedical.com
18.62  161271 https://ourworldindata.org
18.66   72541 https://ejoy-english.com
18.71  256462 https://kokoa.tv
18.73  867598 https://3commas.io
18.74 1729704 https://hotline.ua
18.78  308632 https://skylum.com
18.83    7431 https://chd4.com
18.94   79135 https://manhwa18.cc
18.96     697 https://ekladata.com
19.03   35370 https://hotexamples.com
19.00    7728 https://akhbarten.com
19.02  313934 https://fichasparaimprimir.com
19.11       0 https://v6rxv5coo5.com
19.11  144078 https://kto-chto-gde.ru
19.04  843421 https://figure3d.site
19.11    4810 https://cbsearch.site
19.12  105737 https://u-car.com.tw
19.12   93603 https://evatmaster.com
19.13  280039 https://parsvds.com
19.14  151543 https://nitroscans.com
19.11  202211 https://cafetalk.com
19.15  228165 https://centralreach.com
19.22  122222 https://kinox.top
19.27  166511 https://studme.org
19.28   63271 https://tmitter.news
19.29     278 https://gaming001.site
19.37   37189 https://madouqu.cc
19.46  402421 https://independent.ng
19.43    7631 https://daonovel.com
19.48   58792 https://snapp.market
19.50    7695 https://casetext.com
19.51     587 https://canva.site
19.53    7728 https://partsgeek.com
19.61   21684 https://yadongpang.net
19.65       0 https://hugfromoctopus.com
19.75   55520 https://payping.ir
19.74   23489 https://itcn.blog
19.82   36286 https://iqoo.me
19.87   11853 https://dramasq.cc
19.84   52619 https://vsip.info
19.91   20631 https://hentaipaw.com
19.92    7745 https://i-research.edu.eu.org
19.92      16 https://redecanais.to
19.92   43761 https://adf.ly
19.96   41718 https://webmail-seguro.com.br
20.00   48728 https://notube.net
20.05  119311 https://haitenjp.com
20.05   90908 https://kafiil.com
20.07   10967 https://ipsw.me
20.09   15787 https://filestore.app
20.12   37487 https://shikotch.net
20.18   74083 https://rodjulian.com
20.18  679145 https://ostin.com
20.28   49965 https://careersmw.com
20.28  127636 https://azedu.az
20.33  138098 https://pointclickcare.com
20.38 7178973 https://dailytrust.com
20.64   21129 https://tealfeed.com
20.62    4516 https://excoino.com
20.74   28683 https://hdmp4mania1.net
20.71 1373002 https://jajin.ir
20.83      16 https://myvipon.com
20.86   87999 https://kimochi.info
20.81   72202 https://crackask.com
20.87  270687 https://utopia.de
20.97  109490 https://everia.club
20.96    7641 https://denon.com
21.14   27383 https://diandazuoye.com
21.15   89629 https://shikimori.one
21.20   50759 https://dariusmotor.com
21.16  227896 https://factorialhr.com
21.21  398819 https://nicepage.com
21.14       0 https://livezombymil.com
21.22    1586 https://1412.rest
21.15   72549 https://mempelajari.com
21.24  147293 https://supercima.com
21.29  184603 https://oppaisan.com
21.23   61389 https://foulabook.com
21.23    2180 https://easysbc.io
21.24      16 https://talbots.com
21.31     269 https://ipinfo.io
21.31   59626 https://tubesb.com
21.40    4519 https://kitty-kats.net
21.40  265848 https://nubiles-porn.com
21.33   41222 https://hugelol.com
21.41  130386 https://companiesmarketcap.com
21.41  204606 https://ankama.com
21.46   49965 https://infogames2you.com
21.48    7895 https://allaboutcircuits.com
21.42   41948 https://sabangnet.co.kr
21.52     262 https://stradivarius.com
21.48   27291 https://stilin.ru
21.52  532580 https://sportsupa.com
21.62   20526 https://mosoteach.cn
21.57   13424 https://yllix.com
21.74   73768 https://airtel.com.ng
21.73   75473 https://narrativ.com
21.73   72210 https://myhentaicomics.com
21.70    4863 https://bemobtrk.com
21.76   41001 https://hrstop.com
21.73    2242 https://robotdegilim.xyz
21.81       0 https://wtrxmp.com
21.75    1942 https://nicesearches.com
21.89    3778 https://docschina.org
21.90    7640 https://masaladesi.club
21.86    7839 https://fairygodboss.com
21.94   73417 https://ohsex.pro
21.96   11055 https://newtalk.tw
21.94     940 https://sunmar.ru
22.02       2 https://winluckychance.com
22.04      16 https://kbjfree.com
22.01  231545 https://venge.io
22.07  162347 https://qafqaz.media
22.07    6616 https://btcs.love
22.15   51928 https://parstoday.com
22.10  265606 https://hasthemes.com
22.18   26958 https://urfu.ru
22.18   68303 https://modernhire.com
22.20   21371 https://rabbitmq.com
22.24   46528 https://magoosh.com
22.31    5782 https://compupaste.com
22.33    7666 https://ddxs.com
22.29    4794 https://myfans.jp
22.38   72015 https://lzacg.one
22.44       0 https://heisenlin003.top
22.45  217362 https://eatasmr.com
22.43  191261 https://pirate-bay-proxy.org
22.44   51617 https://hdxporntube.com
22.42   12892 https://cashearn.cc
22.60       8 https://glersakr.com
22.63   63511 https://crecexpo.com.cn
22.66   64352 https://yahoo001.com
22.75    5187 https://rr.tv
22.75      16 https://lookmovie.la
22.76  124944 https://generatepress.com
22.76    4527 https://business2community.com
22.82   27984 https://downloader.la
22.75   27352 https://freedom.to
22.94  101035 https://futurism.com
22.95  241555 https://xpdf.cn
22.96    7725 https://jeanmarcmorandini.com
23.00    7926 https://exchange-hacking.com
23.25  374404 https://publika.az
23.29  814344 https://kbdfans.com
23.34   66958 https://uzone.id
23.35    9374 https://send-anywhere.com
23.34   15544 https://lanzoup.com
23.36    2843 https://honmotakeshi.com
23.40    1133 https://scoop.sh
23.44  110596 https://quieropelis.com
23.48   50685 https://epawg.com
23.52    7698 https://quillbot.com
23.56  193482 https://rrr.lt
23.57    2954 https://investment-articles.com
23.62     261 https://nike.com.br
23.63   68448 https://baji888.live
23.57   78680 https://openreplay.com
23.65      16 https://vizjer.pl
23.66    7822 https://check-host.net
23.68    7822 https://cshive.com
23.83   11357 https://npmmirror.com
23.86    1561 https://imasdk.googleapis.com
23.88   90181 https://sratim.tv
23.86  549141 https://nbc-2.com
23.78     146 https://brizy.site
23.86   95345 https://hentai-share.one
23.83    4524 https://sleepfoundation.org
23.87   89081 https://sverigesradio.se
23.86  203805 https://fb.ru
23.87    4363 https://animationdigitalnetwork.fr
23.79  125430 https://mz-mz.net
23.87   68250 https://log-lio.com
23.90   51614 https://hidefporn.ws
23.98    4513 https://slant.co
23.98    7842 https://indiafilings.com
24.01    3825 https://koudaibaobao.com
23.95   28554 https://rediris.es
24.00  255183 https://ucontinental.edu.pe
24.00   18569 https://citationstyles.org
24.14     601 https://na-madagaskar.sk
24.17   80770 https://jiuse303.com
24.20       0 https://52pk.com
24.24     118 https://cuponomia.com.br
24.19  312270 https://parkcinema.az
24.20  104479 https://barta24.com
24.31     285 https://ipindiaonline.gov.in
24.42  442219 https://gearvn.com
24.38       0 https://quettefors.xyz
24.48  532930 https://ao.com
24.50     150 https://adpointrtb.com
24.49   12878 https://tradingtick.com
24.41   59544 https://claimcoins.net
24.41    1618 https://lovehoney.com
24.49   51010 https://oper.ru
24.48    6370 https://gifer.com
24.49     265 https://fortress.com.hk
24.53  169952 https://telesurtv.net
24.59   67183 https://lendo.ir
24.63   36608 https://recipesaniki.com
24.66  186345 https://10times.com
24.68   44933 https://touchvpn.net
24.68   90223 https://allthatsinteresting.com
24.68   59626 https://xvideostream.net
24.60   24863 https://tlgramy.com
24.69  611470 https://jerkmate.com
24.68      16 https://vouchercodes.co.uk
24.77  276501 https://tvline.com
24.71  124857 https://porncram.com
24.79  104818 https://moneyhouse.ch
24.82   12264 https://painttoolsai.cn
24.77   85109 https://cumswallowingmovies.co
24.77  134186 https://dinorank.com
24.83    2402 https://joinnow.live
24.95   56466 https://articulate.com
24.97   69380 https://strawpoll.com
24.99   13021 https://rpubs.com
24.98  175076 https://gamatomovies.gr
24.95    6178 https://zopim.io
24.96   68493 https://myshows.me
25.06   71142 https://olaelectric.com
25.02   47880 https://mlbshow.com
24.99  111665 https://vendercomprardolares.com
25.10    9139 https://coco.gg
25.05  111772 https://yourbump.com
25.16  191997 https://statusinvest.com.br
25.20   78342 https://napbizblog.jp
25.20   82484 https://labporno.net
25.25   56291 https://png2pdf.com
25.25   16741 https://rdrr.io
25.29   79535 https://zlibrary.ga
25.39  293337 https://fapfappy.com
25.45  111211 https://iranhost.com
25.51      39 https://ikmeiju.com
25.52   63014 https://pinming.cn
25.53  212161 https://crocoblock.com
25.46   60412 https://cod.edu
25.57 1179095 https://ksrtc.in
25.67  102387 https://xn--fgo-gh8fn72e.com
25.68   15465 https://gaijin.net
25.72      16 https://bitfufu.com
25.73    8476 https://rekonise.com
25.77   39447 https://service-online.su
25.77    8404 https://ccache.dev
25.77   20959 https://clipr.xyz
25.77   49330 https://notube.site
25.81 1263371 https://trezor.io
25.85       0 https://i-wordpress.ir
25.78      16 https://dsxys.com
25.79      19 https://360kad.com
25.98    3915 https://anichart.net
25.94   63419 https://loremipsum.io
26.03    2682 https://mega.nz
25.93   21171 https://54nb.com
26.09   65382 https://runivers.ru
26.05  110254 https://webcamsdb.com
26.12     601 https://isabel-lopez-kubben.at
26.08   45993 https://247livesupport.biz
26.21     116 https://sarthaks.com
26.23 1140478 https://exame.com
26.22   75335 https://myporn.club
26.23    6888 https://eshouloo.net
26.36   90012 https://connect2india.com
26.28     146 https://imgs87.men
26.31  219081 https://diario.mx
26.39     246 https://pmjay.gov.in
26.40  194309 https://zenplanner.com
26.51    3322 https://wfwf227.com
26.51     610 https://meet2.kr
26.53   26031 https://lazada.com
26.49   81016 https://msme.gov.in
26.55   29054 https://owasp.org
26.48   42277 https://jobtoday.com
26.56   92336 https://online-courses.club
26.56  302983 https://lubimyczytac.pl
26.53   54770 https://tubecorporate.com
26.58 1342236 https://travelerdreams.com
26.58    4041 https://2-class.com
26.60  212332 https://arga-mag.com
26.64  268178 https://nabd.com
26.66    5419 https://cenreader.com
26.64    9256 https://mrredaelfarouk.com
26.71   31976 https://sex2k.org
26.75   91342 https://coldfilm.uno
26.85    3607 https://estatesales.net
26.87   64752 https://thetv.jp
26.83   25086 https://zxgj.cn
26.81  153439 https://whova.com
26.90  264896 https://poloniex.com
26.94  384460 https://matchtv.ru
26.99       0 https://nipechala.com
26.99    4515 https://elzero.org
27.00   52264 https://ennaharonline.com
27.00   93331 https://pu.go.id
27.04     146 https://mosreg.ru
26.99  308851 https://startrack.com.au
27.03  218332 https://telecomtalk.info
27.10    7689 https://onepiece-tube.com
27.03  101392 https://watermarkly.com
27.13     212 https://advcash.com
27.13    2106 https://qrco.de
27.16   26843 https://torrentkitty.app
27.14  197690 https://gaii.ai
27.19  215893 https://erotik.com
27.20    1362 https://ghod.xyz
27.13   40700 https://eversign.com
27.20  151452 https://testdevlab.com
27.18   60628 https://serialpodcast.org
27.22   62496 https://gorodovoy.ru
27.30  331400 https://panelook.com
27.27      16 https://globus.ru
27.42   25858 https://linksforfree.com
27.37   70450 https://cow4cash.com
27.49  210671 https://dorzeczy.pl
27.45    4515 https://sol.org.tr
27.49  235971 https://mysticalmerries.com
27.53  161767 https://paykickstart.com
27.49     573 https://tecnomat.it
27.49  420464 https://wpswings.com
27.52    7698 https://justhost.com
27.53  188441 https://caq.org.cn
27.56   58930 https://pfrlju.com
27.57  130240 https://rionegro.gov.ar
27.65  146088 https://simuwang.com
27.59  115399 https://datascience.eu
27.75  270459 https://coursevania.com
27.82  195998 https://shadosoku.com
27.80   78939 https://punterforum.com
27.92 1741349 https://nomics.com
27.93    3084 https://xttop.cc
27.92  163302 https://yaku-plus.com
27.95 1005558 https://spatial.io
27.95  114156 https://weatherspark.com
28.02    4513 https://avple.tv
27.96  104916 https://blogengage.com
28.04   37075 https://forex-articles.com
28.04   94063 https://caf.fr
28.05   93797 https://2c2p.com
28.00  527153 https://mkapafoundation.or.tz
28.05   73599 https://imagecolorpicker.com
28.09    1369 https://careersky.cn
28.04  133190 https://tribogamer.com
28.13   11749 https://10086.cn
28.04   46196 https://merlinblog.xyz
28.13  126607 https://sms-activate.org
28.16    1819 https://volleyballworld.tv
28.16   25433 https://casbin.org
28.16   15453 https://subdl.com
28.22  931319 https://kalatik.com
28.24     258 https://coderutil.com
28.26  177476 https://senecalearning.com
28.29  238253 https://olx.com.br
28.24  164625 https://passageirodeprimeira.com
28.25  549552 https://sallysbakingaddiction.com
28.25    1981 https://sharestexts.com
28.28    7561 https://hentaivn.la
28.37   68167 https://ytboob.com
28.38   28519 https://buludhost.com
28.52  162306 https://videocardz.com
28.54    6585 https://idukay.net
28.50   82725 https://seriesboyslove.es
28.59  197464 https://tvnoviny.sk
28.62  698087 https://bitcoin.global
28.66    1069 https://nkmk.me
28.67   50948 https://landofgames.ru
28.78  260886 https://kosmogid.ru
28.75   67555 https://svuonline.org
28.84   61874 https://paimon.moe
28.87   77039 https://yugenmangas.com
28.81   68810 https://faithlife.com
28.87       9 https://trknk.com
28.89    7065 https://yify-subs.net
28.92  311758 https://azpost.info
28.96    3236 https://ullu.app
28.96   23897 https://sama.gov.sa
29.03    8983 https://1r1g.com
28.94     146 https://sexynudes.tv
29.07   57933 https://chess-results.com
29.08   73921 https://6r9.net
29.09   49316 https://magyarorszag.hu
29.17   10870 https://neal.fun
29.17   20533 https://asmhentai.com
29.09     166 https://animevost.org
29.19  189635 https://spinbot.com
29.31  129635 https://ones.cn
29.36   71401 https://fileinfo.com
29.37     569 https://hospitalstar.com
29.39 1454442 https://xinmin.cn
29.33  566289 https://shop.kz
29.45    1009 https://99danji.com
29.51     253 https://pge.com
29.49   44518 https://philpapers.org
29.49     246 https://clickpay.com
29.60    3878 https://yhgyhg23.xyz
29.61   47613 https://leetcode.com
29.56  151463 https://southfront.org
29.61    7738 https://filmpertutti.sbs
29.67   60807 https://ga-dev-tools.web.app
29.69   15612 https://transum.org
29.73  513448 https://wefunder.com
29.70  711294 https://alphanewscall.com
29.70      16 https://hubite.com
29.75    4393 https://eggvod.cn
29.76  120840 https://uqam.ca
29.76      16 https://onlineclock.net
29.75  319806 https://beeg.porn
29.84  260318 https://downloadly.net
29.82   34098 https://futurestud.io
29.88   34214 https://qingju.eu.org
29.81     326 https://joinindianarmy.nic.in
29.87     169 https://ohueli.net
29.88  353153 https://petpooja.com
29.95    7660 https://megastream.bz
30.63   62640 https://h1g.jp
30.62  224080 https://basicweb.ru
30.78    8655 https://booru.org
32.31   57395 https://upc.edu.pe
32.44  132571 https://imboldn.com
33.21   36541 https://yadongshow.org
33.26  135528 https://gatecima.com
33.56  269614 https://n26.com
33.69  129105 https://xbeibeix.com
33.63       0 https://limorev.com
38.55   87971 https://the-ans.jp
41.47       0 https://sende.biz
44.99       0 https://hentai-covers.site
45.07       0 https://abc-telecom.az
45.20 1478228 https://relevel.com
45.21  603160 https://itaeromanga.com
45.20  144397 https://lian-li.com
45.25   16403 https://droplink.co
45.92   25925 https://fdownloader.net
46.16    2227 https://web3doc.top
46.35   28595 https://pagibigfundservices.com
46.38   45749 https://fflashgames.com
46.73  211565 https://vuzopedia.ru
50.80       0 https://youfiles.herokuapp.com
50.82   19512 https://proza.ru
51.10     168 https://jump-path1.com
51.75   82423 https://smk.edu.kz
52.22   72864 https://moi.gov.af
52.64   36931 https://rzd-bonus.ru
52.62   36019 https://ohmyz.sh
52.82   64955 https://erau.edu
53.71   50531 https://mhrs.gov.tr
54.29   35043 https://nukadeti.ru
54.25     245 https://asna.ru
54.33  208536 https://livejapan.com
54.63   96694 https://happymail.co.jp
61.02       0 https://cuevana3.cc
65.69   75423 https://headtopics.com
79.23     152 https://jauns.lv
179.13     315 https://rapmls.com
209.81  125930 https://parlamentnilisty.cz
210.07  122964 https://musee-pla.com
245.20   37202 https://smartweb.com.ng
306.19      19 https://pulsedating.top
